<?xml version="1.0" encoding="utf-8" standalone="no"?>
<test-run id="2" testcasecount="1" result="Passed" total="1" passed="1" failed="0" inconclusive="0" skipped="0" asserts="0" engine-version="3.6.0.0" clr-version="4.0.30319.42000" start-time="2017-02-28 00:23:27Z" end-time="2017-02-28 00:23:39Z" duration="11.549027">
  <command-line><![CDATA[nunit3-console  UnitTests.dll]]></command-line>
  <test-suite type="Assembly" id="0-1002" name="UnitTests.dll" fullname="C:\Users\Bartek\Documents\Visual Studio 2015\Projects\cookbookapp\UnitTests\bin\Debug\UnitTests.dll" runstate="Runnable" testcasecount="1" result="Passed" start-time="2017-02-28 00:23:29Z" end-time="2017-02-28 00:23:39Z" duration="9.486960" total="1" passed="1" failed="0" warnings="0" inconclusive="0" skipped="0" asserts="0">
    <environment framework-version="3.6.1.0" clr-version="4.0.30319.42000" os-version="Microsoft Windows NT 10.0.14986.0" platform="Win32NT" cwd="C:\Users\Bartek\Documents\Visual Studio 2015\Projects\cookbookapp\UnitTests\bin\Debug" machine-name="DESKTOP-6H1I8CM" user="Bartek" user-domain="DESKTOP-6H1I8CM" culture="pl-PL" uiculture="en-US" os-architecture="x64" />
    <settings>
      <setting name="DisposeRunners" value="True" />
      <setting name="WorkDirectory" value="C:\Users\Bartek\Documents\Visual Studio 2015\Projects\cookbookapp\UnitTests\bin\Debug" />
      <setting name="ImageRuntimeVersion" value="4.0.30319" />
      <setting name="ImageTargetFrameworkName" value=".NETFramework,Version=v4.6.1" />
      <setting name="ImageRequiresX86" value="False" />
      <setting name="ImageRequiresDefaultAppDomainAssemblyResolver" value="False" />
      <setting name="NumberOfTestWorkers" value="4" />
    </settings>
    <properties>
      <property name="_PID" value="14884" />
      <property name="_APPDOMAIN" value="domain-" />
    </properties>
    <test-suite type="TestSuite" id="0-1003" name="DataAccessLayer" fullname="DataAccessLayer" runstate="Runnable" testcasecount="1" result="Passed" start-time="2017-02-28 00:23:29Z" end-time="2017-02-28 00:23:39Z" duration="9.434859" total="1" passed="1" failed="0" warnings="0" inconclusive="0" skipped="0" asserts="0">
      <test-suite type="TestSuite" id="0-1004" name="Tests" fullname="DataAccessLayer.Tests" runstate="Runnable" testcasecount="1" result="Passed" start-time="2017-02-28 00:23:29Z" end-time="2017-02-28 00:23:39Z" duration="9.426947" total="1" passed="1" failed="0" warnings="0" inconclusive="0" skipped="0" asserts="0">
        <test-suite type="TestFixture" id="0-1000" name="DatabaseTests" fullname="DataAccessLayer.Tests.DatabaseTests" classname="DataAccessLayer.Tests.DatabaseTests" runstate="Runnable" testcasecount="1" result="Passed" start-time="2017-02-28 00:23:29Z" end-time="2017-02-28 00:23:39Z" duration="9.407062" total="1" passed="1" failed="0" warnings="0" inconclusive="0" skipped="0" asserts="0">
          <test-case id="0-1001" name="AddRecipeTest" fullname="DataAccessLayer.Tests.DatabaseTests.AddRecipeTest" methodname="AddRecipeTest" classname="DataAccessLayer.Tests.DatabaseTests" runstate="Runnable" seed="1857199539" result="Passed" start-time="2017-02-28 00:23:29Z" end-time="2017-02-28 00:23:39Z" duration="9.372530" asserts="0" />
        </test-suite>
      </test-suite>
    </test-suite>
  </test-suite>
</test-run>